<?xml version="1.0" encoding="UTF-8"?>
<!-- Generated by org.testng.reporters.JUnitReportReporter -->
<testsuite hostname="VishnuPC" failures="0" tests="1" name="com.crm.VTiger.PratcieTestCases.CreateOrganizationsTest" time="0.022" errors="0" timestamp="2022-03-24T14:25:23 IST" skipped="0">
  <testcase classname="com.crm.VTiger.PratcieTestCases.CreateOrganizationsTest" name="createOrganization" time="0.022"/>
  <system-out/>
</testsuite> <!-- com.crm.VTiger.PratcieTestCases.CreateOrganizationsTest -->
