<?xml version="1.0" encoding="UTF-8"?>
<!-- Generated by org.testng.reporters.JUnitReportReporter -->
<testsuite hostname="VishnuPC" failures="0" tests="1" name="com.crm.VTiger.PratcieTestCases.CreateLeadsTest" time="0.028" errors="0" timestamp="2022-03-24T14:25:13 IST" skipped="0">
  <testcase classname="com.crm.VTiger.PratcieTestCases.CreateLeadsTest" name="createLead" time="0.028"/>
  <system-out/>
</testsuite> <!-- com.crm.VTiger.PratcieTestCases.CreateLeadsTest -->
