<?xml version="1.0" encoding="UTF-8"?>
<!-- Generated by org.testng.reporters.JUnitReportReporter -->
<testsuite hostname="VishnuPC" failures="0" tests="1" name="com.crm.VTiger.PratcieTestCases.CreateProductsTest" time="0.017" errors="0" timestamp="2022-03-24T14:25:40 IST" skipped="0">
  <testcase classname="com.crm.VTiger.PratcieTestCases.CreateProductsTest" name="createProduct" time="0.017"/>
  <system-out/>
</testsuite> <!-- com.crm.VTiger.PratcieTestCases.CreateProductsTest -->
