<?xml version="1.0" encoding="UTF-8"?>
<!-- Generated by org.testng.reporters.JUnitReportReporter -->
<testsuite hostname="VishnuPC" failures="0" tests="1" name="com.crm.VTiger.PratcieTestCases.CreateContactsTest" time="0.018" errors="0" timestamp="2022-03-24T14:24:54 IST" skipped="0">
  <testcase classname="com.crm.VTiger.PratcieTestCases.CreateContactsTest" name="createcontact" time="0.018"/>
  <system-out/>
</testsuite> <!-- com.crm.VTiger.PratcieTestCases.CreateContactsTest -->
